<?xml version="1.0" encoding="UTF-8"?>
<robot generator="Rebot 7.3.2 (Python 3.12.3 on linux)" generated="2025-08-12T01:23:20.513832" rpa="false" schemaversion="5">
<suite id="s1" name="Tests" source="/home/yoshiosenpai/Github/rf-ci-demo/tests">
<suite id="s1-s1" name="Login Test" source="/home/yoshiosenpai/Github/rf-ci-demo/tests/login_test.robot">
<test id="s1-s1-t1" name="User Can Login And Logout" line="6">
<kw name="Open OrangeHRM" owner="keywords">
<kw name="Open Browser" owner="SeleniumLibrary">
<msg time="2025-08-12T01:23:08.998165" level="INFO">Opening browser 'Chrome' to base url 'https://opensource-demo.orangehrmlive.com/web/index.php/auth/login'.</msg>
<arg>${LOGIN_URL}</arg>
<arg>${BROWSER}</arg>
<doc>Opens a new browser instance to the optional ``url``.</doc>
<status status="PASS" start="2025-08-12T01:23:08.997898" elapsed="5.998150"/>
</kw>
<kw name="Maximize Browser Window" owner="SeleniumLibrary">
<doc>Maximizes current browser window.</doc>
<status status="PASS" start="2025-08-12T01:23:14.996241" elapsed="0.019674"/>
</kw>
<kw name="Wait Until Element Is Visible" owner="SeleniumLibrary">
<arg>name:username</arg>
<arg>${WAIT}</arg>
<doc>Waits until the element ``locator`` is visible.</doc>
<status status="PASS" start="2025-08-12T01:23:15.016168" elapsed="0.717218"/>
</kw>
<status status="PASS" start="2025-08-12T01:23:08.997042" elapsed="6.736464"/>
</kw>
<kw name="Login With Valid Credentials" owner="keywords">
<kw name="Input Text" owner="SeleniumLibrary">
<msg time="2025-08-12T01:23:15.734198" level="INFO">Typing text 'Admin' into text field 'name:username'.</msg>
<arg>name:username</arg>
<arg>${USERNAME}</arg>
<doc>Types the given ``text`` into the text field identified by ``locator``.</doc>
<status status="PASS" start="2025-08-12T01:23:15.733990" elapsed="0.084806"/>
</kw>
<kw name="Input Text" owner="SeleniumLibrary">
<msg time="2025-08-12T01:23:15.819353" level="INFO">Typing text 'admin123' into text field 'name:password'.</msg>
<arg>name:password</arg>
<arg>${PASSWORD}</arg>
<doc>Types the given ``text`` into the text field identified by ``locator``.</doc>
<status status="PASS" start="2025-08-12T01:23:15.819026" elapsed="0.087562"/>
</kw>
<kw name="Click Button" owner="SeleniumLibrary">
<msg time="2025-08-12T01:23:15.906922" level="INFO">Clicking button 'css:button[type="submit"]'.</msg>
<arg>css:button[type="submit"]</arg>
<doc>Clicks the button identified by ``locator``.</doc>
<status status="PASS" start="2025-08-12T01:23:15.906743" elapsed="0.102295"/>
</kw>
<status status="PASS" start="2025-08-12T01:23:15.733732" elapsed="0.275491"/>
</kw>
<kw name="Should See Dashboard" owner="keywords">
<kw name="Wait Until Page Contains Element" owner="SeleniumLibrary">
<arg>css:h6.oxd-text--h6.oxd-topbar-header-breadcrumb-module</arg>
<arg>${WAIT}</arg>
<doc>Waits until the element ``locator`` appears on the current page.</doc>
<status status="PASS" start="2025-08-12T01:23:16.009898" elapsed="2.024511"/>
</kw>
<kw name="Element Should Contain" owner="SeleniumLibrary">
<msg time="2025-08-12T01:23:18.055709" level="INFO">Element 'css:h6.oxd-text--h6.oxd-topbar-header-breadcrumb-module' contains text 'Dashboard'.</msg>
<arg>css:h6.oxd-text--h6.oxd-topbar-header-breadcrumb-module</arg>
<arg>Dashboard</arg>
<doc>Verifies that element ``locator`` contains text ``expected``.</doc>
<status status="PASS" start="2025-08-12T01:23:18.034691" elapsed="0.021121"/>
</kw>
<status status="PASS" start="2025-08-12T01:23:16.009521" elapsed="2.046405"/>
</kw>
<kw name="Logout" owner="keywords">
<kw name="Click Element" owner="SeleniumLibrary">
<msg time="2025-08-12T01:23:18.056669" level="INFO">Clicking element 'css:span.oxd-userdropdown-tab'.</msg>
<arg>css:span.oxd-userdropdown-tab</arg>
<doc>Click the element identified by ``locator``.</doc>
<status status="PASS" start="2025-08-12T01:23:18.056472" elapsed="0.093249"/>
</kw>
<kw name="Click Element" owner="SeleniumLibrary">
<msg time="2025-08-12T01:23:18.150113" level="INFO">Clicking element 'xpath=//a[normalize-space(.)="Logout"]'.</msg>
<arg>xpath=//a[normalize-space(.)="Logout"]</arg>
<doc>Click the element identified by ``locator``.</doc>
<status status="PASS" start="2025-08-12T01:23:18.149906" elapsed="1.825039"/>
</kw>
<kw name="Wait Until Element Is Visible" owner="SeleniumLibrary">
<arg>name:username</arg>
<arg>${WAIT}</arg>
<doc>Waits until the element ``locator`` is visible.</doc>
<status status="PASS" start="2025-08-12T01:23:19.975161" elapsed="0.452046"/>
</kw>
<status status="PASS" start="2025-08-12T01:23:18.056176" elapsed="2.371136"/>
</kw>
<kw name="Close Browser Session" owner="keywords">
<kw name="Close Browser" owner="SeleniumLibrary">
<doc>Closes the current browser.</doc>
<status status="PASS" start="2025-08-12T01:23:20.427801" elapsed="0.082335"/>
</kw>
<status status="PASS" start="2025-08-12T01:23:20.427543" elapsed="0.082693"/>
</kw>
<tag>smoke</tag>
<status status="PASS" start="2025-08-12T01:23:08.995922" elapsed="11.514467"/>
</test>
<status status="PASS" start="2025-08-12T01:23:08.889724" elapsed="11.621019"/>
</suite>
<status status="PASS" start="2025-08-12T01:23:08.878029" elapsed="11.633165"/>
</suite>
<statistics>
<total>
<stat pass="1" fail="0" skip="0">All Tests</stat>
</total>
<tag>
<stat pass="1" fail="0" skip="0">smoke</stat>
</tag>
<suite>
<stat name="Tests" id="s1" pass="1" fail="0" skip="0">Tests</stat>
<stat name="Login Test" id="s1-s1" pass="1" fail="0" skip="0">Tests.Login Test</stat>
</suite>
</statistics>
<errors>
</errors>
</robot>
