<?xml version="1.0" encoding="UTF-8"?>
<robot generator="Robot 7.3.2 (Python 3.12.3 on linux)" generated="2025-08-12T01:01:00.882716" rpa="false" schemaversion="5">
<suite id="s1" name="Tests" source="/home/yoshiosenpai/Github/rf-ci-demo/tests">
<suite id="s1-s1" name="Login Test" source="/home/yoshiosenpai/Github/rf-ci-demo/tests/login_test.robot">
<test id="s1-s1-t1" name="User Can Login And Logout" line="6">
<kw name="Open OrangeHRM" owner="keywords">
<kw name="Open Browser" owner="SeleniumLibrary">
<msg time="2025-08-12T01:01:01.045123" level="INFO">Opening browser 'Chrome' to base url 'https://opensource-demo.orangehrmlive.com/web/index.php/auth/login'.</msg>
<arg>${LOGIN_URL}</arg>
<arg>${BROWSER}</arg>
<doc>Opens a new browser instance to the optional ``url``.</doc>
<status status="PASS" start="2025-08-12T01:01:01.044822" elapsed="4.755103"/>
</kw>
<kw name="Maximize Browser Window" owner="SeleniumLibrary">
<doc>Maximizes current browser window.</doc>
<status status="PASS" start="2025-08-12T01:01:05.800103" elapsed="0.013053"/>
</kw>
<kw name="Wait Until Element Is Visible" owner="SeleniumLibrary">
<arg>name:username</arg>
<arg>${WAIT}</arg>
<doc>Waits until the element ``locator`` is visible.</doc>
<status status="PASS" start="2025-08-12T01:01:05.813372" elapsed="0.599438"/>
</kw>
<status status="PASS" start="2025-08-12T01:01:01.044162" elapsed="5.368907"/>
</kw>
<kw name="Login With Valid Credentials" owner="keywords">
<kw name="Input Text" owner="SeleniumLibrary">
<msg time="2025-08-12T01:01:06.414605" level="INFO">Typing text 'Admin' into text field 'name:username'.</msg>
<arg>name:username</arg>
<arg>${USERNAME}</arg>
<doc>Types the given ``text`` into the text field identified by ``locator``.</doc>
<status status="PASS" start="2025-08-12T01:01:06.414265" elapsed="0.095735"/>
</kw>
<kw name="Input Text" owner="SeleniumLibrary">
<msg time="2025-08-12T01:01:06.510364" level="INFO">Typing text 'admin123' into text field 'name:password'.</msg>
<arg>name:password</arg>
<arg>${PASSWORD}</arg>
<doc>Types the given ``text`` into the text field identified by ``locator``.</doc>
<status status="PASS" start="2025-08-12T01:01:06.510162" elapsed="0.090957"/>
</kw>
<kw name="Click Button" owner="SeleniumLibrary">
<msg time="2025-08-12T01:01:06.601455" level="INFO">Clicking button 'css:button[type="submit"]'.</msg>
<arg>css:button[type="submit"]</arg>
<doc>Clicks the button identified by ``locator``.</doc>
<status status="PASS" start="2025-08-12T01:01:06.601280" elapsed="0.084042"/>
</kw>
<status status="PASS" start="2025-08-12T01:01:06.413675" elapsed="0.271791"/>
</kw>
<kw name="Should See Dashboard" owner="keywords">
<kw name="Wait Until Page Contains Element" owner="SeleniumLibrary">
<arg>css:h6.oxd-text--h6.oxd-topbar-header-breadcrumb-module</arg>
<arg>${WAIT}</arg>
<doc>Waits until the element ``locator`` appears on the current page.</doc>
<status status="PASS" start="2025-08-12T01:01:06.686080" elapsed="1.854263"/>
</kw>
<kw name="Element Should Contain" owner="SeleniumLibrary">
<msg time="2025-08-12T01:01:08.559506" level="INFO">Element 'css:h6.oxd-text--h6.oxd-topbar-header-breadcrumb-module' contains text 'Dashboard'.</msg>
<arg>css:h6.oxd-text--h6.oxd-topbar-header-breadcrumb-module</arg>
<arg>Dashboard</arg>
<doc>Verifies that element ``locator`` contains text ``expected``.</doc>
<status status="PASS" start="2025-08-12T01:01:08.540499" elapsed="0.019093"/>
</kw>
<status status="PASS" start="2025-08-12T01:01:06.685711" elapsed="1.873967"/>
</kw>
<kw name="Logout" owner="keywords">
<kw name="Click Element" owner="SeleniumLibrary">
<msg time="2025-08-12T01:01:08.560442" level="INFO">Clicking element 'css:span.oxd-userdropdown-tab'.</msg>
<arg>css:span.oxd-userdropdown-tab</arg>
<doc>Click the element identified by ``locator``.</doc>
<status status="PASS" start="2025-08-12T01:01:08.560247" elapsed="0.063614"/>
</kw>
<kw name="Click Element" owner="SeleniumLibrary">
<msg time="2025-08-12T01:01:08.624198" level="INFO">Clicking element 'xpath=//a[normalize-space(.)="Logout"]'.</msg>
<arg>xpath=//a[normalize-space(.)="Logout"]</arg>
<doc>Click the element identified by ``locator``.</doc>
<status status="PASS" start="2025-08-12T01:01:08.624010" elapsed="1.766607"/>
</kw>
<kw name="Wait Until Element Is Visible" owner="SeleniumLibrary">
<arg>name:username</arg>
<arg>${WAIT}</arg>
<doc>Waits until the element ``locator`` is visible.</doc>
<status status="PASS" start="2025-08-12T01:01:10.390874" elapsed="0.457585"/>
</kw>
<status status="PASS" start="2025-08-12T01:01:08.559907" elapsed="2.288650"/>
</kw>
<kw name="Close Browser Session" owner="keywords">
<kw name="Close Browser" owner="SeleniumLibrary">
<doc>Closes the current browser.</doc>
<status status="PASS" start="2025-08-12T01:01:10.849086" elapsed="0.087422"/>
</kw>
<status status="PASS" start="2025-08-12T01:01:10.848784" elapsed="0.087933"/>
</kw>
<tag>smoke</tag>
<status status="PASS" start="2025-08-12T01:01:01.043364" elapsed="9.893530"/>
</test>
<status status="PASS" start="2025-08-12T01:01:00.906752" elapsed="10.030660"/>
</suite>
<status status="PASS" start="2025-08-12T01:01:00.883725" elapsed="10.054262"/>
</suite>
<statistics>
<total>
<stat pass="1" fail="0" skip="0">All Tests</stat>
</total>
<tag>
<stat pass="1" fail="0" skip="0">smoke</stat>
</tag>
<suite>
<stat name="Tests" id="s1" pass="1" fail="0" skip="0">Tests</stat>
<stat name="Login Test" id="s1-s1" pass="1" fail="0" skip="0">Tests.Login Test</stat>
</suite>
</statistics>
<errors>
</errors>
</robot>
